[debug] [2024-07-12T17:55:17.850Z] ----------------------------------------------------------------------
[debug] [2024-07-12T17:55:17.855Z] Command:       C:\Program Files\nodejs\node.exe C:\Users\Lenovo\AppData\Roaming\npm\node_modules\firebase-tools\lib\bin\firebase.js serve --only hosting --port=3000
[debug] [2024-07-12T17:55:17.855Z] CLI Version:   13.10.2
[debug] [2024-07-12T17:55:17.856Z] Platform:      win32
[debug] [2024-07-12T17:55:17.856Z] Node Version:  v20.14.0
[debug] [2024-07-12T17:55:17.856Z] Time:          Fri Jul 12 2024 23:25:17 GMT+0530 (India Standard Time)
[debug] [2024-07-12T17:55:17.856Z] ----------------------------------------------------------------------
[debug] 
[debug] [2024-07-12T17:55:18.099Z] > command requires scopes: ["email","openid","https://www.googleapis.com/auth/cloudplatformprojects.readonly","https://www.googleapis.com/auth/firebase","https://www.googleapis.com/auth/cloud-platform"]
[debug] [2024-07-12T17:55:18.100Z] > authorizing via signed-in user (bhagyashriugale6970@gmail.com)
[debug] [2024-07-12T17:55:18.100Z] [iam] checking project netflix-gpt-bbde1 for permissions ["firebase.projects.get"]
[debug] [2024-07-12T17:55:18.102Z] > refreshing access token with scopes: []
[debug] [2024-07-12T17:55:18.106Z] >>> [apiv2][query] POST https://www.googleapis.com/oauth2/v3/token [none]
[debug] [2024-07-12T17:55:18.106Z] >>> [apiv2][body] POST https://www.googleapis.com/oauth2/v3/token [omitted]
[debug] [2024-07-12T17:55:18.115Z] *** [apiv2] error from fetch(https://www.googleapis.com/oauth2/v3/token, {"headers":{},"method":"POST","body":{"_overheadLength":545,"_valueLength":212,"_valuesToMeasure":[],"writable":false,"readable":true,"dataSize":0,"maxDataSize":2097152,"pauseStreams":true,"_released":true,"_streams":[],"_currentStream":null,"_insideLoop":false,"_pendingNext":false,"_boundary":"--------------------------168565215347673528091402","_events":{},"_eventsCount":1}}): FetchError: request to https://www.googleapis.com/oauth2/v3/token failed, reason: getaddrinfo ENOTFOUND www.googleapis.com
[debug] [2024-07-12T17:55:18.115Z] [iam] error while checking permissions, command may fail: FirebaseError: Authentication Error: Your credentials are no longer valid. Please run firebase login --reauth

For CI servers and headless environments, generate a new token with firebase login:ci
[debug] [2024-07-12T17:55:18.116Z] > refreshing access token with scopes: []
[debug] [2024-07-12T17:55:18.117Z] >>> [apiv2][query] POST https://www.googleapis.com/oauth2/v3/token [none]
[debug] [2024-07-12T17:55:18.117Z] >>> [apiv2][body] POST https://www.googleapis.com/oauth2/v3/token [omitted]
[debug] [2024-07-12T17:55:18.125Z] *** [apiv2] error from fetch(https://www.googleapis.com/oauth2/v3/token, {"headers":{},"method":"POST","body":{"_overheadLength":545,"_valueLength":212,"_valuesToMeasure":[],"writable":false,"readable":true,"dataSize":0,"maxDataSize":2097152,"pauseStreams":true,"_released":true,"_streams":[],"_currentStream":null,"_insideLoop":false,"_pendingNext":false,"_boundary":"--------------------------962221777478872133156217","_events":{},"_eventsCount":1}}): FetchError: request to https://www.googleapis.com/oauth2/v3/token failed, reason: getaddrinfo ENOTFOUND www.googleapis.com
[debug] [2024-07-12T17:55:18.125Z] Authentication Error: Your credentials are no longer valid. Please run firebase login --reauth

For CI servers and headless environments, generate a new token with firebase login:ci
[debug] [2024-07-12T17:55:18.141Z] FirebaseError: Authentication Error: Your credentials are no longer valid. Please run firebase login --reauth

For CI servers and headless environments, generate a new token with firebase login:ci
    at invalidCredentialError (C:\Users\Lenovo\AppData\Roaming\npm\node_modules\firebase-tools\lib\auth.js:142:12)
    at refreshTokens (C:\Users\Lenovo\AppData\Roaming\npm\node_modules\firebase-tools\lib\auth.js:515:15)
    at process.processTicksAndRejections (node:internal/process/task_queues:95:5)
    at async getAccessToken (C:\Users\Lenovo\AppData\Roaming\npm\node_modules\firebase-tools\lib\apiv2.js:40:18)
    at async Client.addAuthHeader (C:\Users\Lenovo\AppData\Roaming\npm\node_modules\firebase-tools\lib\apiv2.js:167:21)
    at async Client.request (C:\Users\Lenovo\AppData\Roaming\npm\node_modules\firebase-tools\lib\apiv2.js:118:34)
    at async getFirebaseProject (C:\Users\Lenovo\AppData\Roaming\npm\node_modules\firebase-tools\lib\management\projects.js:295:21)
    at async needProjectNumber (C:\Users\Lenovo\AppData\Roaming\npm\node_modules\firebase-tools\lib\projectUtils.js:46:22)
    at async C:\Users\Lenovo\AppData\Roaming\npm\node_modules\firebase-tools\lib\command.js:226:17
[error] 
[error] Error: Failed to get Firebase project netflix-gpt-bbde1. Please make sure the project exists and your account has permission to access it.
[debug] [2024-07-12T17:58:19.089Z] ----------------------------------------------------------------------
[debug] [2024-07-12T17:58:19.094Z] Command:       C:\Program Files\nodejs\node.exe C:\Users\Lenovo\AppData\Roaming\npm\node_modules\firebase-tools\lib\bin\firebase.js serve --only hosting --port=3000
[debug] [2024-07-12T17:58:19.094Z] CLI Version:   13.10.2
[debug] [2024-07-12T17:58:19.095Z] Platform:      win32
[debug] [2024-07-12T17:58:19.095Z] Node Version:  v20.14.0
[debug] [2024-07-12T17:58:19.095Z] Time:          Fri Jul 12 2024 23:28:19 GMT+0530 (India Standard Time)
[debug] [2024-07-12T17:58:19.095Z] ----------------------------------------------------------------------
[debug] 
[debug] [2024-07-12T17:58:19.320Z] > command requires scopes: ["email","openid","https://www.googleapis.com/auth/cloudplatformprojects.readonly","https://www.googleapis.com/auth/firebase","https://www.googleapis.com/auth/cloud-platform"]
[debug] [2024-07-12T17:58:19.320Z] > authorizing via signed-in user (bhagyashriugale6970@gmail.com)
[debug] [2024-07-12T17:58:19.321Z] [iam] checking project netflix-gpt-bbde1 for permissions ["firebase.projects.get"]
[debug] [2024-07-12T17:58:19.323Z] > refreshing access token with scopes: []
[debug] [2024-07-12T17:58:19.326Z] >>> [apiv2][query] POST https://www.googleapis.com/oauth2/v3/token [none]
[debug] [2024-07-12T17:58:19.326Z] >>> [apiv2][body] POST https://www.googleapis.com/oauth2/v3/token [omitted]
[debug] [2024-07-12T17:58:19.741Z] <<< [apiv2][status] POST https://www.googleapis.com/oauth2/v3/token 200
[debug] [2024-07-12T17:58:19.742Z] <<< [apiv2][body] POST https://www.googleapis.com/oauth2/v3/token [omitted]
[debug] [2024-07-12T17:58:19.755Z] >>> [apiv2][query] POST https://cloudresourcemanager.googleapis.com/v1/projects/netflix-gpt-bbde1:testIamPermissions [none]
[debug] [2024-07-12T17:58:19.756Z] >>> [apiv2][(partial)header] POST https://cloudresourcemanager.googleapis.com/v1/projects/netflix-gpt-bbde1:testIamPermissions x-goog-quota-user=projects/netflix-gpt-bbde1
[debug] [2024-07-12T17:58:19.756Z] >>> [apiv2][body] POST https://cloudresourcemanager.googleapis.com/v1/projects/netflix-gpt-bbde1:testIamPermissions {"permissions":["firebase.projects.get"]}
[debug] [2024-07-12T17:58:21.597Z] <<< [apiv2][status] POST https://cloudresourcemanager.googleapis.com/v1/projects/netflix-gpt-bbde1:testIamPermissions 200
[debug] [2024-07-12T17:58:21.598Z] <<< [apiv2][body] POST https://cloudresourcemanager.googleapis.com/v1/projects/netflix-gpt-bbde1:testIamPermissions {"permissions":["firebase.projects.get"]}
[debug] [2024-07-12T17:58:21.599Z] >>> [apiv2][query] GET https://firebase.googleapis.com/v1beta1/projects/netflix-gpt-bbde1 [none]
[debug] [2024-07-12T17:58:22.536Z] <<< [apiv2][status] GET https://firebase.googleapis.com/v1beta1/projects/netflix-gpt-bbde1 200
[debug] [2024-07-12T17:58:22.536Z] <<< [apiv2][body] GET https://firebase.googleapis.com/v1beta1/projects/netflix-gpt-bbde1 {"projectId":"netflix-gpt-bbde1","projectNumber":"1024670761284","displayName":"Netflix-GPT","name":"projects/netflix-gpt-bbde1","resources":{"hostingSite":"netflix-gpt-bbde1"},"state":"ACTIVE","etag":"1_c466fc61-6dbe-4a32-8ed3-3b79a2cda17c"}
[debug] [2024-07-12T17:58:22.540Z] >>> [apiv2][query] GET https://firebasehosting.googleapis.com/v1beta1/projects/netflix-gpt-bbde1/sites 
[debug] [2024-07-12T17:58:23.969Z] <<< [apiv2][status] GET https://firebasehosting.googleapis.com/v1beta1/projects/netflix-gpt-bbde1/sites 200
[debug] [2024-07-12T17:58:23.970Z] <<< [apiv2][body] GET https://firebasehosting.googleapis.com/v1beta1/projects/netflix-gpt-bbde1/sites {"sites":[{"name":"projects/netflix-gpt-bbde1/sites/bhagyashri6970-com","defaultUrl":"https://bhagyashri6970-com.web.app","appId":"1:1024670761284:web:b9238c2130174ebc97d711","type":"USER_SITE"},{"name":"projects/netflix-gpt-bbde1/sites/netflix-gpt-bbde1","defaultUrl":"https://netflix-gpt-bbde1.web.app","appId":"1:1024670761284:web:8f017f5ecfce56e397d711","type":"DEFAULT_SITE"}]}
[debug] [2024-07-12T17:58:23.971Z] >>> [apiv2][query] GET https://firebase.googleapis.com/v1beta1/projects/netflix-gpt-bbde1/webApps/1:1024670761284:web:8f017f5ecfce56e397d711/config [none]
[debug] [2024-07-12T17:58:24.888Z] <<< [apiv2][status] GET https://firebase.googleapis.com/v1beta1/projects/netflix-gpt-bbde1/webApps/1:1024670761284:web:8f017f5ecfce56e397d711/config 200
[debug] [2024-07-12T17:58:24.888Z] <<< [apiv2][body] GET https://firebase.googleapis.com/v1beta1/projects/netflix-gpt-bbde1/webApps/1:1024670761284:web:8f017f5ecfce56e397d711/config {"projectId":"netflix-gpt-bbde1","appId":"1:1024670761284:web:8f017f5ecfce56e397d711","storageBucket":"netflix-gpt-bbde1.appspot.com","apiKey":"AIzaSyC2ozqMuWsGirQv1KrfGwxhnk31JRvYr2Y","authDomain":"netflix-gpt-bbde1.firebaseapp.com","messagingSenderId":"1024670761284","measurementId":"G-5B1564NM8J"}
[debug] [2024-07-12T17:58:24.930Z] >>> [apiv2][query] GET https://firebase.googleapis.com/v1beta1/projects/netflix-gpt-bbde1 [none]
[debug] [2024-07-12T17:58:25.528Z] <<< [apiv2][status] GET https://firebase.googleapis.com/v1beta1/projects/netflix-gpt-bbde1 200
[debug] [2024-07-12T17:58:25.528Z] <<< [apiv2][body] GET https://firebase.googleapis.com/v1beta1/projects/netflix-gpt-bbde1 {"projectId":"netflix-gpt-bbde1","projectNumber":"1024670761284","displayName":"Netflix-GPT","name":"projects/netflix-gpt-bbde1","resources":{"hostingSite":"netflix-gpt-bbde1"},"state":"ACTIVE","etag":"1_c466fc61-6dbe-4a32-8ed3-3b79a2cda17c"}
[info] i  hosting[netflix-gpt-bbde1]: Serving hosting files from: build {"metadata":{"emulator":{"name":"hosting"},"message":"Serving hosting files from: \u001b[1mbuild\u001b[22m"}}
[info] +  hosting[netflix-gpt-bbde1]: Local server: http://localhost:3000 {"metadata":{"emulator":{"name":"hosting"},"message":"Local server: \u001b[4m\u001b[1mhttp://localhost:3000\u001b[22m\u001b[24m"}}
[info] Shutting down...
[info] Shutting down...
